<?xml version="1.0" encoding="UTF-8"?>
<!-- Generated by org.testng.reporters.JUnitReportReporter -->
<testsuite hostname="LAPTOP-P4HESJL2" failures="0" tests="1" name="com.DemoProject.TestCases.TC_DemoProject_01" time="5.773" errors="0" timestamp="2022-06-24T15:36:01 IST" skipped="0">
  <testcase classname="com.DemoProject.TestCases.TC_DemoProject_01" name="LoginTest" time="5.773"/>
  <system-out/>
</testsuite> <!-- com.DemoProject.TestCases.TC_DemoProject_01 -->
