<?xml version="1.0" encoding="UTF-8"?>
<!-- Generated by org.testng.reporters.JUnitReportReporter -->
<testsuite hostname="OSIM-L-0003" failures="0" tests="1" name="SampleCalculations.SampleMaths" time="0.011" errors="0" timestamp="2022-11-08T14:02:08 IST" skipped="0">
  <testcase classname="SampleCalculations.SampleMaths" name="Subtraction" time="0.011"/>
  <system-out/>
</testsuite> <!-- SampleCalculations.SampleMaths -->
